2014-08-18T15:44:22.040286+00:00 app[web.1]:   Rendered layouts/_footer.html.erb (0.6ms)
2014-08-18T15:44:22.006891+00:00 app[web.1]: Processing by StaticPagesController#home as HTML
2014-08-18T15:44:22.040291+00:00 app[web.1]:   Rendered layouts/_footer.html.erb (0.6ms)
2014-08-18T15:44:22.040659+00:00 app[web.1]: Completed 200 OK in 34ms (Views: 32.6ms | ActiveRecord: 0.0ms)
2014-08-18T15:44:24.606300+00:00 app[web.1]: Started GET "/images/rails.png" for 97.81.236.221 at 2014-08-18 15:44:24 +0000
2014-08-18T15:44:24.606308+00:00 app[web.1]: Started GET "/images/rails.png" for 97.81.236.221 at 2014-08-18 15:44:24 +0000
2014-08-18T15:44:24.609337+00:00 app[web.1]:   vendor/bundle/ruby/2.0.0/gems/actionpack-4.0.8/lib/action_dispatch/middleware/show_exceptions.rb:30:in `call'
2014-08-18T15:44:24.609331+00:00 app[web.1]: 
2014-08-18T15:44:24.609341+00:00 app[web.1]:   vendor/bundle/ruby/2.0.0/gems/railties-4.0.8/lib/rails/rack/logger.rb:20:in `block in call'
2014-08-18T15:44:24.609342+00:00 app[web.1]:   vendor/bundle/ruby/2.0.0/gems/activesupport-4.0.8/lib/active_support/tagged_logging.rb:68:in `block in tagged'
2014-08-18T15:44:24.609344+00:00 app[web.1]:   vendor/bundle/ruby/2.0.0/gems/activesupport-4.0.8/lib/active_support/tagged_logging.rb:26:in `tagged'
2014-08-18T15:44:24.609347+00:00 app[web.1]:   vendor/bundle/ruby/2.0.0/gems/railties-4.0.8/lib/rails/rack/logger.rb:20:in `call'
2014-08-18T15:44:24.609339+00:00 app[web.1]:   vendor/bundle/ruby/2.0.0/gems/railties-4.0.8/lib/rails/rack/logger.rb:38:in `call_app'
2014-08-18T15:44:24.609349+00:00 app[web.1]:   vendor/bundle/ruby/2.0.0/gems/actionpack-4.0.8/lib/action_dispatch/middleware/request_id.rb:21:in `call'
2014-08-18T15:44:24.609350+00:00 app[web.1]:   vendor/bundle/ruby/2.0.0/gems/rack-1.5.2/lib/rack/methodoverride.rb:21:in `call'
2014-08-18T15:44:24.609352+00:00 app[web.1]:   vendor/bundle/ruby/2.0.0/gems/rack-1.5.2/lib/rack/runtime.rb:17:in `call'
2014-08-18T15:44:24.609334+00:00 app[web.1]: ActionController::RoutingError (No route matches [GET] "/images/rails.png"):
2014-08-18T15:44:24.609345+00:00 app[web.1]:   vendor/bundle/ruby/2.0.0/gems/activesupport-4.0.8/lib/active_support/tagged_logging.rb:68:in `tagged'
2014-08-18T15:44:24.609353+00:00 app[web.1]:   vendor/bundle/ruby/2.0.0/gems/activesupport-4.0.8/lib/active_support/cache/strategy/local_cache.rb:83:in `call'
2014-08-18T15:44:24.609336+00:00 app[web.1]:   vendor/bundle/ruby/2.0.0/gems/actionpack-4.0.8/lib/action_dispatch/middleware/debug_exceptions.rb:21:in `call'
2014-08-18T15:44:24.609355+00:00 app[web.1]:   vendor/bundle/ruby/2.0.0/gems/actionpack-4.0.8/lib/action_dispatch/middleware/static.rb:64:in `call'
2014-08-18T15:44:24.609357+00:00 app[web.1]:   vendor/bundle/ruby/2.0.0/gems/rack-1.5.2/lib/rack/sendfile.rb:112:in `call'
2014-08-18T15:44:24.609358+00:00 app[web.1]:   vendor/bundle/ruby/2.0.0/gems/railties-4.0.8/lib/rails/engine.rb:511:in `call'
2014-08-18T15:44:24.609361+00:00 app[web.1]:   vendor/bundle/ruby/2.0.0/gems/rack-1.5.2/lib/rack/lock.rb:17:in `call'
2014-08-18T15:44:24.609364+00:00 app[web.1]:   vendor/bundle/ruby/2.0.0/gems/rack-1.5.2/lib/rack/handler/webrick.rb:60:in `service'
2014-08-18T15:44:24.609359+00:00 app[web.1]:   vendor/bundle/ruby/2.0.0/gems/railties-4.0.8/lib/rails/application.rb:97:in `call'
2014-08-18T15:44:24.609362+00:00 app[web.1]:   vendor/bundle/ruby/2.0.0/gems/rack-1.5.2/lib/rack/content_length.rb:14:in `call'
2014-08-18T15:44:24.609365+00:00 app[web.1]:   vendor/ruby-2.0.0/lib/ruby/2.0.0/webrick/httpserver.rb:138:in `service'
2014-08-18T15:44:24.609369+00:00 app[web.1]: 
2014-08-18T15:44:24.609370+00:00 app[web.1]: 
2014-08-18T15:44:24.609366+00:00 app[web.1]:   vendor/ruby-2.0.0/lib/ruby/2.0.0/webrick/httpserver.rb:94:in `run'
2014-08-18T15:44:24.609368+00:00 app[web.1]:   vendor/ruby-2.0.0/lib/ruby/2.0.0/webrick/server.rb:295:in `block in start_thread'
2014-08-18T15:44:24.609375+00:00 app[web.1]: 
2014-08-18T15:44:24.609376+00:00 app[web.1]: ActionController::RoutingError (No route matches [GET] "/images/rails.png"):
2014-08-18T15:44:24.609378+00:00 app[web.1]:   vendor/bundle/ruby/2.0.0/gems/actionpack-4.0.8/lib/action_dispatch/middleware/debug_exceptions.rb:21:in `call'
2014-08-18T15:44:24.609379+00:00 app[web.1]:   vendor/bundle/ruby/2.0.0/gems/actionpack-4.0.8/lib/action_dispatch/middleware/show_exceptions.rb:30:in `call'
2014-08-18T15:44:24.609380+00:00 app[web.1]:   vendor/bundle/ruby/2.0.0/gems/railties-4.0.8/lib/rails/rack/logger.rb:38:in `call_app'
2014-08-18T15:44:24.609382+00:00 app[web.1]:   vendor/bundle/ruby/2.0.0/gems/railties-4.0.8/lib/rails/rack/logger.rb:20:in `block in call'
2014-08-18T15:44:24.609383+00:00 app[web.1]:   vendor/bundle/ruby/2.0.0/gems/activesupport-4.0.8/lib/active_support/tagged_logging.rb:68:in `block in tagged'
2014-08-18T15:44:24.609384+00:00 app[web.1]:   vendor/bundle/ruby/2.0.0/gems/activesupport-4.0.8/lib/active_support/tagged_logging.rb:26:in `tagged'
2014-08-18T15:44:24.609386+00:00 app[web.1]:   vendor/bundle/ruby/2.0.0/gems/activesupport-4.0.8/lib/active_support/tagged_logging.rb:68:in `tagged'
2014-08-18T15:44:24.609387+00:00 app[web.1]:   vendor/bundle/ruby/2.0.0/gems/railties-4.0.8/lib/rails/rack/logger.rb:20:in `call'
2014-08-18T15:44:24.609388+00:00 app[web.1]:   vendor/bundle/ruby/2.0.0/gems/actionpack-4.0.8/lib/action_dispatch/middleware/request_id.rb:21:in `call'
2014-08-18T15:44:24.609391+00:00 app[web.1]:   vendor/bundle/ruby/2.0.0/gems/rack-1.5.2/lib/rack/runtime.rb:17:in `call'
2014-08-18T15:44:24.609390+00:00 app[web.1]:   vendor/bundle/ruby/2.0.0/gems/rack-1.5.2/lib/rack/methodoverride.rb:21:in `call'
2014-08-18T15:44:24.609394+00:00 app[web.1]:   vendor/bundle/ruby/2.0.0/gems/actionpack-4.0.8/lib/action_dispatch/middleware/static.rb:64:in `call'
2014-08-18T15:44:24.609393+00:00 app[web.1]:   vendor/bundle/ruby/2.0.0/gems/activesupport-4.0.8/lib/active_support/cache/strategy/local_cache.rb:83:in `call'
2014-08-18T15:44:24.609396+00:00 app[web.1]:   vendor/bundle/ruby/2.0.0/gems/rack-1.5.2/lib/rack/sendfile.rb:112:in `call'
2014-08-18T15:44:24.609421+00:00 app[web.1]:   vendor/bundle/ruby/2.0.0/gems/rack-1.5.2/lib/rack/lock.rb:17:in `call'
2014-08-18T15:44:24.609397+00:00 app[web.1]:   vendor/bundle/ruby/2.0.0/gems/railties-4.0.8/lib/rails/engine.rb:511:in `call'
2014-08-18T15:44:24.609424+00:00 app[web.1]:   vendor/bundle/ruby/2.0.0/gems/rack-1.5.2/lib/rack/handler/webrick.rb:60:in `service'
2014-08-18T15:44:24.609398+00:00 app[web.1]:   vendor/bundle/ruby/2.0.0/gems/railties-4.0.8/lib/rails/application.rb:97:in `call'
2014-08-18T15:44:24.609423+00:00 app[web.1]:   vendor/bundle/ruby/2.0.0/gems/rack-1.5.2/lib/rack/content_length.rb:14:in `call'
2014-08-18T15:44:24.609426+00:00 app[web.1]:   vendor/ruby-2.0.0/lib/ruby/2.0.0/webrick/httpserver.rb:138:in `service'
2014-08-18T15:44:24.609429+00:00 app[web.1]:   vendor/ruby-2.0.0/lib/ruby/2.0.0/webrick/server.rb:295:in `block in start_thread'
2014-08-18T15:44:24.609427+00:00 app[web.1]:   vendor/ruby-2.0.0/lib/ruby/2.0.0/webrick/httpserver.rb:94:in `run'
2014-08-18T15:44:24.609430+00:00 app[web.1]: 
2014-08-18T15:44:24.609431+00:00 app[web.1]: 
2014-08-18T15:44:28.561679+00:00 app[web.1]: Started GET "/" for 54.81.202.247 at 2014-08-18 15:44:28 +0000
2014-08-18T15:44:28.567249+00:00 app[web.1]: Processing by StaticPagesController#home as */*
2014-08-18T15:44:28.657817+00:00 app[web.1]:   Rendered layouts/_shim.html.erb (0.3ms)
2014-08-18T15:44:28.654198+00:00 app[web.1]:   Rendered static_pages/home.html.erb within layouts/application (1.1ms)
2014-08-18T15:44:28.661434+00:00 app[web.1]:   Rendered layouts/_header.html.erb (0.8ms)
2014-08-18T15:44:28.567242+00:00 app[web.1]: Processing by StaticPagesController#home as */*
2014-08-18T15:44:28.654209+00:00 app[web.1]:   Rendered static_pages/home.html.erb within layouts/application (1.1ms)
2014-08-18T15:44:28.657823+00:00 app[web.1]:   Rendered layouts/_shim.html.erb (0.3ms)
2014-08-18T15:44:28.665399+00:00 app[web.1]: Completed 200 OK in 98ms (Views: 97.5ms | ActiveRecord: 0.0ms)
2014-08-18T15:44:28.661501+00:00 app[web.1]:   Rendered layouts/_header.html.erb (0.8ms)
2014-08-18T15:44:28.664789+00:00 app[web.1]:   Rendered layouts/_footer.html.erb (0.6ms)
2014-08-18T15:44:28.665439+00:00 app[web.1]: Completed 200 OK in 98ms (Views: 97.5ms | ActiveRecord: 0.0ms)
2014-08-18T15:44:28.561668+00:00 app[web.1]: Started GET "/" for 54.81.202.247 at 2014-08-18 15:44:28 +0000
2014-08-18T15:44:28.665007+00:00 app[web.1]:   Rendered layouts/_footer.html.erb (0.6ms)
2014-08-18T15:44:56.957924+00:00 app[web.1]: Started GET "/signup" for 97.81.236.221 at 2014-08-18 15:44:56 +0000
2014-08-18T15:45:03.097042+00:00 app[web.1]: Started GET "/about" for 97.81.236.221 at 2014-08-18 15:45:03 +0000
2014-08-18T15:45:03.110808+00:00 app[web.1]:   Rendered layouts/_footer.html.erb (0.2ms)
2014-08-18T15:45:03.110503+00:00 app[web.1]:   Rendered layouts/_header.html.erb (0.4ms)
2014-08-18T15:45:03.110813+00:00 app[web.1]:   Rendered layouts/_footer.html.erb (0.2ms)
2014-08-18T15:45:03.111113+00:00 app[web.1]: Completed 200 OK in 11ms (Views: 10.7ms | ActiveRecord: 0.0ms)
2014-08-18T15:45:03.111119+00:00 app[web.1]: Completed 200 OK in 11ms (Views: 10.7ms | ActiveRecord: 0.0ms)
2014-08-18T15:45:03.097054+00:00 app[web.1]: Started GET "/about" for 97.81.236.221 at 2014-08-18 15:45:03 +0000
2014-08-18T15:45:03.099814+00:00 app[web.1]: Processing by StaticPagesController#about as HTML
2014-08-18T15:45:03.099820+00:00 app[web.1]: Processing by StaticPagesController#about as HTML
2014-08-18T15:45:03.108713+00:00 app[web.1]:   Rendered static_pages/about.html.erb within layouts/application (7.3ms)
2014-08-18T15:45:03.108704+00:00 app[web.1]:   Rendered static_pages/about.html.erb within layouts/application (7.3ms)
2014-08-18T15:45:03.109949+00:00 app[web.1]:   Rendered layouts/_shim.html.erb (0.1ms)
2014-08-18T15:45:03.110497+00:00 app[web.1]:   Rendered layouts/_header.html.erb (0.4ms)
2014-08-18T15:45:03.109952+00:00 app[web.1]:   Rendered layouts/_shim.html.erb (0.1ms)
2014-08-18T15:45:05.804462+00:00 app[web.1]: Started GET "/contact" for 97.81.236.221 at 2014-08-18 15:45:05 +0000
2014-08-18T15:45:05.804475+00:00 app[web.1]: Started GET "/contact" for 97.81.236.221 at 2014-08-18 15:45:05 +0000
2014-08-18T15:45:05.810420+00:00 app[web.1]: Processing by StaticPagesController#contact as HTML
2014-08-18T15:45:05.810426+00:00 app[web.1]: Processing by StaticPagesController#contact as HTML
2014-08-18T15:45:05.825555+00:00 app[web.1]:   Rendered static_pages/contact.html.erb within layouts/application (7.4ms)
2014-08-18T15:45:05.825562+00:00 app[web.1]:   Rendered static_pages/contact.html.erb within layouts/application (7.4ms)
2014-08-18T15:45:05.826923+00:00 app[web.1]:   Rendered layouts/_shim.html.erb (0.1ms)
2014-08-18T15:45:05.832501+00:00 app[web.1]:   Rendered layouts/_header.html.erb (0.5ms)
2014-08-18T15:45:05.837781+00:00 app[web.1]:   Rendered layouts/_footer.html.erb (0.2ms)
2014-08-18T15:45:05.832506+00:00 app[web.1]:   Rendered layouts/_header.html.erb (0.5ms)
2014-08-18T15:45:05.837788+00:00 app[web.1]:   Rendered layouts/_footer.html.erb (0.2ms)
2014-08-18T15:45:05.838176+00:00 app[web.1]: Completed 200 OK in 28ms (Views: 27.1ms | ActiveRecord: 0.0ms)
2014-08-18T15:45:05.838183+00:00 app[web.1]: Completed 200 OK in 28ms (Views: 27.1ms | ActiveRecord: 0.0ms)
2014-08-18T15:45:05.831690+00:00 app[web.1]:   Rendered layouts/_shim.html.erb (0.1ms)
